mode: set
github.com/pansachin/employee-service/pkg/api/api.go:27.61,36.2 2 0
github.com/pansachin/employee-service/pkg/api/api.go:40.32,42.2 1 0
github.com/pansachin/employee-service/pkg/api/api.go:46.85,56.69 3 0
github.com/pansachin/employee-service/pkg/api/api.go:56.69,78.44 6 0
github.com/pansachin/employee-service/pkg/api/api.go:78.44,81.4 2 0
github.com/pansachin/employee-service/pkg/api/api.go:85.2,85.38 1 0
github.com/pansachin/employee-service/pkg/api/api.go:90.65,92.2 1 0
github.com/pansachin/employee-service/pkg/api/context.go:26.68,28.9 2 0
github.com/pansachin/employee-service/pkg/api/context.go:28.9,30.3 1 0
github.com/pansachin/employee-service/pkg/api/context.go:31.2,31.15 1 0
github.com/pansachin/employee-service/pkg/api/context.go:35.47,37.9 2 0
github.com/pansachin/employee-service/pkg/api/context.go:37.9,39.3 1 0
github.com/pansachin/employee-service/pkg/api/context.go:40.2,40.20 1 0
github.com/pansachin/employee-service/pkg/api/context.go:44.62,46.9 2 0
github.com/pansachin/employee-service/pkg/api/context.go:46.9,48.3 1 0
github.com/pansachin/employee-service/pkg/api/context.go:49.2,50.12 2 0
github.com/pansachin/employee-service/pkg/api/context.go:54.63,56.9 2 0
github.com/pansachin/employee-service/pkg/api/context.go:56.9,58.3 1 0
github.com/pansachin/employee-service/pkg/api/context.go:59.2,60.12 2 0
github.com/pansachin/employee-service/pkg/api/context.go:64.44,66.9 2 0
github.com/pansachin/employee-service/pkg/api/context.go:66.9,68.3 1 0
github.com/pansachin/employee-service/pkg/api/context.go:69.2,70.12 2 0
github.com/pansachin/employee-service/pkg/api/context.go:74.44,76.9 2 0
github.com/pansachin/employee-service/pkg/api/context.go:76.9,78.3 1 0
github.com/pansachin/employee-service/pkg/api/context.go:79.2,80.12 2 0
github.com/pansachin/employee-service/pkg/api/context.go:85.54,87.9 2 0
github.com/pansachin/employee-service/pkg/api/context.go:87.9,89.3 1 0
github.com/pansachin/employee-service/pkg/api/context.go:90.2,91.12 2 0
github.com/pansachin/employee-service/pkg/api/errorresponse.go:68.51,73.2 1 0
github.com/pansachin/employee-service/pkg/api/errorresponse.go:77.40,79.2 1 0
github.com/pansachin/employee-service/pkg/api/errorresponse.go:82.37,85.2 2 0
github.com/pansachin/employee-service/pkg/api/errorresponse.go:88.47,90.26 2 0
github.com/pansachin/employee-service/pkg/api/errorresponse.go:90.26,92.3 1 0
github.com/pansachin/employee-service/pkg/api/errorresponse.go:93.2,93.11 1 0
github.com/pansachin/employee-service/pkg/api/middleware.go:11.63,16.36 1 0
github.com/pansachin/employee-service/pkg/api/middleware.go:16.36,18.15 2 0
github.com/pansachin/employee-service/pkg/api/middleware.go:18.15,20.4 1 0
github.com/pansachin/employee-service/pkg/api/middleware.go:23.2,23.16 1 0
github.com/pansachin/employee-service/pkg/api/request.go:16.48,19.2 2 0
github.com/pansachin/employee-service/pkg/api/request.go:24.53,25.40 1 0
github.com/pansachin/employee-service/pkg/api/request.go:25.40,27.3 1 0
github.com/pansachin/employee-service/pkg/api/request.go:29.2,31.44 3 0
github.com/pansachin/employee-service/pkg/api/request.go:31.44,35.24 3 0
github.com/pansachin/employee-service/pkg/api/request.go:35.24,39.4 3 0
github.com/pansachin/employee-service/pkg/api/request.go:42.3,42.53 1 0
github.com/pansachin/employee-service/pkg/api/request.go:42.53,47.4 4 0
github.com/pansachin/employee-service/pkg/api/request.go:50.3,50.53 1 0
github.com/pansachin/employee-service/pkg/api/request.go:53.2,53.12 1 0
github.com/pansachin/employee-service/pkg/api/request.go:56.42,68.16 6 0
github.com/pansachin/employee-service/pkg/api/request.go:68.16,70.3 1 0
github.com/pansachin/employee-service/pkg/api/request.go:73.2,74.16 2 0
github.com/pansachin/employee-service/pkg/api/request.go:74.16,76.3 1 0
github.com/pansachin/employee-service/pkg/api/request.go:79.2,79.50 1 0
github.com/pansachin/employee-service/pkg/api/request.go:79.50,81.3 1 0
github.com/pansachin/employee-service/pkg/api/request.go:83.2,83.12 1 0
github.com/pansachin/employee-service/pkg/api/respond.go:33.98,40.16 4 0
github.com/pansachin/employee-service/pkg/api/respond.go:40.16,42.3 1 0
github.com/pansachin/employee-service/pkg/api/respond.go:50.2,56.61 2 0
github.com/pansachin/employee-service/pkg/api/respond.go:56.61,60.3 3 0
github.com/pansachin/employee-service/pkg/api/respond.go:63.2,64.16 2 0
github.com/pansachin/employee-service/pkg/api/respond.go:64.16,66.3 1 0
github.com/pansachin/employee-service/pkg/api/respond.go:69.2,73.39 3 0
github.com/pansachin/employee-service/pkg/api/respond.go:73.39,75.3 1 0
github.com/pansachin/employee-service/pkg/api/respond.go:77.2,77.12 1 0
github.com/pansachin/employee-service/pkg/api/shutdown.go:14.45,16.2 1 0
github.com/pansachin/employee-service/pkg/api/shutdown.go:19.41,21.2 1 0
github.com/pansachin/employee-service/pkg/api/shutdown.go:25.33,28.2 2 0
github.com/pansachin/employee-service/pkg/database/dbtest/dbtest.go:37.61,42.16 4 0
github.com/pansachin/employee-service/pkg/database/dbtest/dbtest.go:42.16,44.3 1 0
github.com/pansachin/employee-service/pkg/database/dbtest/dbtest.go:46.2,48.54 2 0
github.com/pansachin/employee-service/pkg/database/dbtest/dbtest.go:48.54,50.3 1 0
github.com/pansachin/employee-service/pkg/database/dbtest/dbtest.go:52.2,55.105 2 0
github.com/pansachin/employee-service/pkg/database/dbtest/dbtest.go:55.105,57.3 1 0
github.com/pansachin/employee-service/pkg/database/dbtest/dbtest.go:59.2,66.16 6 0
github.com/pansachin/employee-service/pkg/database/dbtest/dbtest.go:66.16,68.3 1 0
github.com/pansachin/employee-service/pkg/database/dbtest/dbtest.go:70.2,78.21 5 0
github.com/pansachin/employee-service/pkg/database/dbtest/dbtest.go:78.21,86.3 6 0
github.com/pansachin/employee-service/pkg/database/dbtest/dbtest.go:88.2,88.26 1 0
github.com/pansachin/employee-service/pkg/database/dbtest/dbtest.go:94.38,96.2 1 0
github.com/pansachin/employee-service/pkg/database/dbtest/dbtest.go:101.29,103.2 1 0
github.com/pansachin/employee-service/pkg/database/dbtest/dbtest.go:108.32,110.2 1 0
github.com/pansachin/employee-service/pkg/api/middleware/cors.go:12.41,15.45 1 0
github.com/pansachin/employee-service/pkg/api/middleware/cors.go:15.45,18.80 1 0
github.com/pansachin/employee-service/pkg/api/middleware/cors.go:18.80,27.4 4 0
github.com/pansachin/employee-service/pkg/api/middleware/cors.go:29.3,29.11 1 0
github.com/pansachin/employee-service/pkg/api/middleware/cors.go:32.2,32.10 1 0
github.com/pansachin/employee-service/pkg/api/middleware/errors.go:16.46,19.45 1 0
github.com/pansachin/employee-service/pkg/api/middleware/errors.go:19.45,22.80 1 0
github.com/pansachin/employee-service/pkg/api/middleware/errors.go:22.80,25.18 2 0
github.com/pansachin/employee-service/pkg/api/middleware/errors.go:25.18,27.5 1 0
github.com/pansachin/employee-service/pkg/api/middleware/errors.go:30.4,31.18 2 0
github.com/pansachin/employee-service/pkg/api/middleware/errors.go:31.18,42.12 5 0
github.com/pansachin/employee-service/pkg/api/middleware/errors.go:43.32,48.28 3 0
github.com/pansachin/employee-service/pkg/api/middleware/errors.go:50.38,53.22 3 0
github.com/pansachin/employee-service/pkg/api/middleware/errors.go:53.22,55.7 1 0
github.com/pansachin/employee-service/pkg/api/middleware/errors.go:56.6,60.36 2 0
github.com/pansachin/employee-service/pkg/api/middleware/errors.go:62.34,67.28 3 0
github.com/pansachin/employee-service/pkg/api/middleware/errors.go:69.13,73.7 2 0
github.com/pansachin/employee-service/pkg/api/middleware/errors.go:77.5,77.59 1 0
github.com/pansachin/employee-service/pkg/api/middleware/errors.go:77.59,79.6 1 0
github.com/pansachin/employee-service/pkg/api/middleware/errors.go:83.5,83.38 1 0
github.com/pansachin/employee-service/pkg/api/middleware/errors.go:83.38,85.6 1 0
github.com/pansachin/employee-service/pkg/api/middleware/errors.go:88.4,88.14 1 0
github.com/pansachin/employee-service/pkg/api/middleware/errors.go:90.3,90.11 1 0
github.com/pansachin/employee-service/pkg/api/middleware/errors.go:92.2,92.10 1 0
github.com/pansachin/employee-service/pkg/api/middleware/logger.go:16.46,18.45 1 0
github.com/pansachin/employee-service/pkg/api/middleware/logger.go:18.45,21.80 1 0
github.com/pansachin/employee-service/pkg/api/middleware/logger.go:21.80,24.18 2 0
github.com/pansachin/employee-service/pkg/api/middleware/logger.go:24.18,26.5 1 0
github.com/pansachin/employee-service/pkg/api/middleware/logger.go:28.4,31.89 4 0
github.com/pansachin/employee-service/pkg/api/middleware/logger.go:31.89,34.5 2 0
github.com/pansachin/employee-service/pkg/api/middleware/logger.go:36.4,57.14 7 0
github.com/pansachin/employee-service/pkg/api/middleware/logger.go:59.3,59.11 1 0
github.com/pansachin/employee-service/pkg/api/middleware/logger.go:61.2,61.10 1 0
github.com/pansachin/employee-service/pkg/api/middleware/panics.go:14.30,17.45 1 0
github.com/pansachin/employee-service/pkg/api/middleware/panics.go:17.45,20.86 1 0
github.com/pansachin/employee-service/pkg/api/middleware/panics.go:20.86,22.36 1 0
github.com/pansachin/employee-service/pkg/api/middleware/panics.go:22.36,23.37 1 0
github.com/pansachin/employee-service/pkg/api/middleware/panics.go:23.37,30.6 3 0
github.com/pansachin/employee-service/pkg/api/middleware/panics.go:34.4,34.29 1 0
github.com/pansachin/employee-service/pkg/api/middleware/panics.go:36.3,36.11 1 0
github.com/pansachin/employee-service/pkg/api/middleware/panics.go:38.2,38.10 1 0
github.com/pansachin/employee-service/pkg/database/db.go:54.41,59.16 4 0
github.com/pansachin/employee-service/pkg/database/db.go:59.16,61.3 1 0
github.com/pansachin/employee-service/pkg/database/db.go:63.2,66.16 3 0
github.com/pansachin/employee-service/pkg/database/db.go:69.42,71.35 1 0
github.com/pansachin/employee-service/pkg/database/db.go:72.55,73.33 1 0
github.com/pansachin/employee-service/pkg/database/db.go:75.35,76.36 1 0
github.com/pansachin/employee-service/pkg/database/db.go:79.2,79.11 1 0
github.com/pansachin/employee-service/pkg/database/db.go:82.47,84.23 1 0
github.com/pansachin/employee-service/pkg/database/db.go:84.23,88.19 3 0
github.com/pansachin/employee-service/pkg/database/db.go:88.19,90.4 1 0
github.com/pansachin/employee-service/pkg/database/db.go:93.3,101.39 3 0
github.com/pansachin/employee-service/pkg/database/db.go:104.2,107.29 2 0
github.com/pansachin/employee-service/pkg/database/db.go:110.44,112.20 2 0
github.com/pansachin/employee-service/pkg/database/db.go:112.20,114.3 1 0
github.com/pansachin/employee-service/pkg/database/db.go:116.2,120.18 4 0
github.com/pansachin/employee-service/pkg/database/db.go:120.18,122.3 1 0
github.com/pansachin/employee-service/pkg/database/db.go:124.2,131.19 2 0
github.com/pansachin/employee-service/pkg/database/db.go:140.58,144.34 2 0
github.com/pansachin/employee-service/pkg/database/db.go:144.34,146.23 2 0
github.com/pansachin/employee-service/pkg/database/db.go:146.23,147.9 1 0
github.com/pansachin/employee-service/pkg/database/db.go:149.3,150.23 2 0
github.com/pansachin/employee-service/pkg/database/db.go:150.23,152.4 1 0
github.com/pansachin/employee-service/pkg/database/db.go:156.2,156.22 1 0
github.com/pansachin/employee-service/pkg/database/db.go:156.22,158.3 1 0
github.com/pansachin/employee-service/pkg/database/db.go:162.2,164.46 3 0
github.com/pansachin/employee-service/pkg/database/db.go:177.109,183.16 4 0
github.com/pansachin/employee-service/pkg/database/db.go:183.16,185.3 1 0
github.com/pansachin/employee-service/pkg/database/db.go:188.2,193.15 2 0
github.com/pansachin/employee-service/pkg/database/db.go:193.15,194.19 1 0
github.com/pansachin/employee-service/pkg/database/db.go:194.19,196.40 2 0
github.com/pansachin/employee-service/pkg/database/db.go:196.40,198.5 1 0
github.com/pansachin/employee-service/pkg/database/db.go:204.2,204.31 1 0
github.com/pansachin/employee-service/pkg/database/db.go:204.31,206.3 1 0
github.com/pansachin/employee-service/pkg/database/db.go:209.2,213.36 3 0
github.com/pansachin/employee-service/pkg/database/db.go:213.36,215.3 1 0
github.com/pansachin/employee-service/pkg/database/db.go:217.2,217.12 1 0
github.com/pansachin/employee-service/pkg/database/db.go:226.133,233.16 6 0
github.com/pansachin/employee-service/pkg/database/db.go:233.16,235.3 1 0
github.com/pansachin/employee-service/pkg/database/db.go:237.2,238.16 2 0
github.com/pansachin/employee-service/pkg/database/db.go:238.16,240.3 1 0
github.com/pansachin/employee-service/pkg/database/db.go:241.2,244.16 3 0
github.com/pansachin/employee-service/pkg/database/db.go:244.16,246.3 1 0
github.com/pansachin/employee-service/pkg/database/db.go:247.2,249.48 2 0
github.com/pansachin/employee-service/pkg/database/db.go:249.48,251.3 1 0
github.com/pansachin/employee-service/pkg/database/db.go:253.2,253.19 1 0
github.com/pansachin/employee-service/pkg/database/db.go:258.137,263.69 5 0
github.com/pansachin/employee-service/pkg/database/db.go:263.69,265.3 1 0
github.com/pansachin/employee-service/pkg/database/db.go:267.2,268.16 2 0
github.com/pansachin/employee-service/pkg/database/db.go:268.16,270.3 1 0
github.com/pansachin/employee-service/pkg/database/db.go:271.2,274.18 3 0
github.com/pansachin/employee-service/pkg/database/db.go:274.18,276.170 2 0
github.com/pansachin/employee-service/pkg/database/db.go:276.170,278.4 1 0
github.com/pansachin/employee-service/pkg/database/db.go:279.3,279.45 1 0
github.com/pansachin/employee-service/pkg/database/db.go:282.2,282.12 1 0
github.com/pansachin/employee-service/pkg/database/db.go:287.146,291.69 4 0
github.com/pansachin/employee-service/pkg/database/db.go:291.69,293.3 1 0
github.com/pansachin/employee-service/pkg/database/db.go:295.2,296.16 2 0
github.com/pansachin/employee-service/pkg/database/db.go:296.16,298.3 1 0
github.com/pansachin/employee-service/pkg/database/db.go:299.2,302.18 3 0
github.com/pansachin/employee-service/pkg/database/db.go:302.18,304.170 2 0
github.com/pansachin/employee-service/pkg/database/db.go:304.170,306.4 1 0
github.com/pansachin/employee-service/pkg/database/db.go:307.3,307.45 1 0
github.com/pansachin/employee-service/pkg/database/db.go:310.2,310.12 1 0
github.com/pansachin/employee-service/pkg/database/db.go:315.138,320.16 4 0
github.com/pansachin/employee-service/pkg/database/db.go:320.16,322.3 1 0
github.com/pansachin/employee-service/pkg/database/db.go:323.2,325.18 2 0
github.com/pansachin/employee-service/pkg/database/db.go:325.18,327.3 1 0
github.com/pansachin/employee-service/pkg/database/db.go:329.2,329.160 1 0
github.com/pansachin/employee-service/pkg/database/db.go:329.160,331.3 1 0
github.com/pansachin/employee-service/pkg/database/db.go:333.2,333.12 1 0
github.com/pansachin/employee-service/pkg/database/db.go:337.60,338.20 1 0
github.com/pansachin/employee-service/pkg/database/db.go:338.20,340.3 1 0
github.com/pansachin/employee-service/pkg/database/db.go:342.2,343.39 2 0
github.com/pansachin/employee-service/pkg/database/db.go:343.39,345.3 1 0
github.com/pansachin/employee-service/pkg/database/db.go:347.2,348.16 2 0
github.com/pansachin/employee-service/pkg/database/db.go:348.16,350.3 1 0
github.com/pansachin/employee-service/pkg/database/db.go:352.2,352.31 1 0
github.com/pansachin/employee-service/pkg/database/db.go:352.31,354.28 2 0
github.com/pansachin/employee-service/pkg/database/db.go:355.16,357.16 2 0
github.com/pansachin/employee-service/pkg/database/db.go:357.16,359.5 1 0
github.com/pansachin/employee-service/pkg/database/db.go:360.23,361.34 1 0
github.com/pansachin/employee-service/pkg/database/db.go:362.24,363.42 1 0
github.com/pansachin/employee-service/pkg/database/db.go:364.11,365.32 1 0
github.com/pansachin/employee-service/pkg/database/db.go:367.3,367.48 1 0
github.com/pansachin/employee-service/pkg/database/db.go:370.2,373.33 3 0
github.com/pansachin/employee-service/pkg/database/errors.go:20.44,25.2 1 0
github.com/pansachin/employee-service/pkg/database/errors.go:29.33,31.2 1 0
github.com/pansachin/employee-service/pkg/database/errors.go:34.30,37.2 2 0
github.com/pansachin/employee-service/pkg/database/errors.go:40.33,42.26 2 0
github.com/pansachin/employee-service/pkg/database/errors.go:42.26,44.3 1 0
github.com/pansachin/employee-service/pkg/database/errors.go:45.2,45.11 1 0
github.com/pansachin/employee-service/pkg/database/pagination.go:101.33,108.2 1 0
github.com/pansachin/employee-service/pkg/database/pagination.go:112.60,118.40 4 0
github.com/pansachin/employee-service/pkg/database/pagination.go:118.40,120.17 2 0
github.com/pansachin/employee-service/pkg/database/pagination.go:120.17,122.4 1 0
github.com/pansachin/employee-service/pkg/database/pagination.go:123.3,123.18 1 0
github.com/pansachin/employee-service/pkg/database/pagination.go:123.18,125.4 1 0
github.com/pansachin/employee-service/pkg/database/pagination.go:126.3,126.20 1 0
github.com/pansachin/employee-service/pkg/database/pagination.go:126.20,128.4 1 0
github.com/pansachin/employee-service/pkg/database/pagination.go:129.3,129.25 1 0
github.com/pansachin/employee-service/pkg/database/pagination.go:132.2,132.36 1 0
github.com/pansachin/employee-service/pkg/database/pagination.go:132.36,134.17 2 0
github.com/pansachin/employee-service/pkg/database/pagination.go:134.17,136.4 1 0
github.com/pansachin/employee-service/pkg/database/pagination.go:137.3,138.15 2 0
github.com/pansachin/employee-service/pkg/database/pagination.go:138.15,140.4 1 0
github.com/pansachin/employee-service/pkg/database/pagination.go:141.3,141.34 1 0
github.com/pansachin/employee-service/pkg/database/pagination.go:144.2,144.36 1 0
github.com/pansachin/employee-service/pkg/database/pagination.go:144.36,148.24 3 0
github.com/pansachin/employee-service/pkg/database/pagination.go:148.24,150.4 1 0
github.com/pansachin/employee-service/pkg/database/pagination.go:151.3,151.19 1 0
github.com/pansachin/employee-service/pkg/database/pagination.go:151.19,153.4 1 0
github.com/pansachin/employee-service/pkg/database/pagination.go:156.2,156.41 1 0
github.com/pansachin/employee-service/pkg/database/pagination.go:156.41,160.20 3 0
github.com/pansachin/employee-service/pkg/database/pagination.go:160.20,162.4 1 0
github.com/pansachin/employee-service/pkg/database/pagination.go:165.2,165.18 1 0
github.com/pansachin/employee-service/pkg/database/pagination.go:175.56,179.2 3 0
github.com/pansachin/employee-service/pkg/logger/logger.go:37.89,40.22 1 1
github.com/pansachin/employee-service/pkg/logger/logger.go:40.22,43.21 2 0
github.com/pansachin/employee-service/pkg/logger/logger.go:43.21,45.4 1 0
github.com/pansachin/employee-service/pkg/logger/logger.go:48.2,48.17 1 1
github.com/pansachin/employee-service/pkg/logger/logger.go:48.17,50.3 1 1
github.com/pansachin/employee-service/pkg/logger/logger.go:51.2,51.51 1 0
github.com/pansachin/employee-service/pkg/logger/logger.go:56.93,59.18 2 1
github.com/pansachin/employee-service/pkg/logger/logger.go:59.18,61.3 1 1
github.com/pansachin/employee-service/pkg/logger/logger.go:63.2,73.31 2 1
github.com/pansachin/employee-service/pkg/logger/logger.go:78.93,81.18 2 1
github.com/pansachin/employee-service/pkg/logger/logger.go:81.18,83.3 1 1
github.com/pansachin/employee-service/pkg/logger/logger.go:85.2,95.31 2 1
github.com/pansachin/employee-service/pkg/validate/custom.go:13.93,15.68 1 1
github.com/pansachin/employee-service/pkg/validate/custom.go:15.68,17.3 1 0
github.com/pansachin/employee-service/pkg/validate/custom.go:18.2,18.54 1 1
github.com/pansachin/employee-service/pkg/validate/custom.go:18.54,20.3 1 0
github.com/pansachin/employee-service/pkg/validate/custom.go:23.2,23.74 1 1
github.com/pansachin/employee-service/pkg/validate/custom.go:23.74,25.3 1 0
github.com/pansachin/employee-service/pkg/validate/custom.go:26.2,26.56 1 1
github.com/pansachin/employee-service/pkg/validate/custom.go:26.56,28.3 1 0
github.com/pansachin/employee-service/pkg/validate/custom.go:31.2,31.79 1 1
github.com/pansachin/employee-service/pkg/validate/custom.go:31.79,33.3 1 0
github.com/pansachin/employee-service/pkg/validate/custom.go:34.2,34.63 1 1
github.com/pansachin/employee-service/pkg/validate/custom.go:34.63,36.3 1 0
github.com/pansachin/employee-service/pkg/validate/custom.go:38.2,38.12 1 1
github.com/pansachin/employee-service/pkg/validate/custom.go:47.43,50.50 2 0
github.com/pansachin/employee-service/pkg/validate/custom.go:50.50,52.3 1 0
github.com/pansachin/employee-service/pkg/validate/custom.go:53.2,53.13 1 0
github.com/pansachin/employee-service/pkg/validate/custom.go:55.51,56.82 1 1
github.com/pansachin/employee-service/pkg/validate/custom.go:56.82,58.3 1 1
github.com/pansachin/employee-service/pkg/validate/custom.go:58.60,61.3 2 0
github.com/pansachin/employee-service/pkg/validate/custom.go:66.45,69.22 2 1
github.com/pansachin/employee-service/pkg/validate/custom.go:70.22,71.52 1 1
github.com/pansachin/employee-service/pkg/validate/custom.go:72.63,73.25 1 0
github.com/pansachin/employee-service/pkg/validate/custom.go:74.52,75.24 1 0
github.com/pansachin/employee-service/pkg/validate/custom.go:76.20,77.25 1 0
github.com/pansachin/employee-service/pkg/validate/custom.go:78.10,79.88 1 0
github.com/pansachin/employee-service/pkg/validate/custom.go:83.53,84.86 1 1
github.com/pansachin/employee-service/pkg/validate/custom.go:84.86,86.3 1 1
github.com/pansachin/employee-service/pkg/validate/custom.go:86.60,89.3 2 0
github.com/pansachin/employee-service/pkg/validate/custom.go:93.52,98.2 3 0
github.com/pansachin/employee-service/pkg/validate/custom.go:99.60,100.84 1 1
github.com/pansachin/employee-service/pkg/validate/custom.go:100.84,102.3 1 1
github.com/pansachin/employee-service/pkg/validate/custom.go:102.60,105.3 2 0
github.com/pansachin/employee-service/pkg/validate/errors.go:21.38,23.16 2 1
github.com/pansachin/employee-service/pkg/validate/errors.go:23.16,25.3 1 0
github.com/pansachin/employee-service/pkg/validate/errors.go:26.2,26.18 1 1
github.com/pansachin/employee-service/pkg/validate/errors.go:30.50,32.36 2 0
github.com/pansachin/employee-service/pkg/validate/errors.go:32.36,34.3 1 0
github.com/pansachin/employee-service/pkg/validate/errors.go:35.2,35.10 1 0
github.com/pansachin/employee-service/pkg/validate/errors.go:39.36,42.2 2 0
github.com/pansachin/employee-service/pkg/validate/errors.go:45.44,47.26 2 0
github.com/pansachin/employee-service/pkg/validate/errors.go:47.26,49.3 1 0
github.com/pansachin/employee-service/pkg/validate/errors.go:50.2,50.11 1 0
github.com/pansachin/employee-service/pkg/validate/errors.go:54.39,56.26 2 0
github.com/pansachin/employee-service/pkg/validate/errors.go:56.26,58.3 1 0
github.com/pansachin/employee-service/pkg/validate/errors.go:59.2,59.23 1 0
github.com/pansachin/employee-service/pkg/validate/validate.go:25.13,34.90 3 1
github.com/pansachin/employee-service/pkg/validate/validate.go:34.90,36.3 1 0
github.com/pansachin/employee-service/pkg/validate/validate.go:39.2,39.68 1 1
github.com/pansachin/employee-service/pkg/validate/validate.go:39.68,41.18 2 1
github.com/pansachin/employee-service/pkg/validate/validate.go:41.18,43.4 1 0
github.com/pansachin/employee-service/pkg/validate/validate.go:44.3,44.14 1 1
github.com/pansachin/employee-service/pkg/validate/validate.go:50.2,50.52 1 1
github.com/pansachin/employee-service/pkg/validate/validate.go:54.35,56.45 1 1
github.com/pansachin/employee-service/pkg/validate/validate.go:56.45,59.10 2 1
github.com/pansachin/employee-service/pkg/validate/validate.go:59.10,61.4 1 0
github.com/pansachin/employee-service/pkg/validate/validate.go:63.3,64.34 2 1
github.com/pansachin/employee-service/pkg/validate/validate.go:64.34,70.4 2 1
github.com/pansachin/employee-service/pkg/validate/validate.go:72.3,72.16 1 1
github.com/pansachin/employee-service/pkg/validate/validate.go:75.2,75.12 1 1
github.com/pansachin/employee-service/pkg/validate/validate.go:79.34,80.43 1 1
github.com/pansachin/employee-service/pkg/validate/validate.go:80.43,82.3 1 1
github.com/pansachin/employee-service/pkg/validate/validate.go:83.2,83.12 1 1
github.com/pansachin/employee-service/pkg/validate/validate.go:87.31,89.2 1 1
github.com/pansachin/employee-service/pkg/validate/validate.go:92.34,93.41 1 1
github.com/pansachin/employee-service/pkg/validate/validate.go:93.41,95.3 1 0
github.com/pansachin/employee-service/pkg/validate/validate.go:97.2,98.39 2 1
github.com/pansachin/employee-service/pkg/validate/validate.go:98.39,100.3 1 1
github.com/pansachin/employee-service/pkg/validate/validate.go:101.2,101.12 1 1
github.com/pansachin/employee-service/pkg/validate/validate.go:105.36,106.46 1 1
github.com/pansachin/employee-service/pkg/validate/validate.go:106.46,108.3 1 1
github.com/pansachin/employee-service/pkg/validate/validate.go:109.2,109.12 1 1
github.com/pansachin/employee-service/pkg/validate/validate.go:113.36,115.16 2 1
github.com/pansachin/employee-service/pkg/validate/validate.go:115.16,117.3 1 1
github.com/pansachin/employee-service/pkg/validate/validate.go:118.2,118.12 1 1
github.com/pansachin/employee-service/pkg/validate/validate.go:118.12,120.3 1 1
github.com/pansachin/employee-service/pkg/validate/validate.go:121.2,121.11 1 1
github.com/pansachin/employee-service/pkg/validate/validate.go:121.11,123.3 1 1
github.com/pansachin/employee-service/pkg/validate/validate.go:124.2,125.16 2 1
github.com/pansachin/employee-service/pkg/validate/validate.go:125.16,127.3 1 1
github.com/pansachin/employee-service/pkg/validate/validate.go:129.2,129.12 1 1
