mode: set
github.com/pansachin/employee-service/models/employee/db/db.go:28.73,35.2 1 0
github.com/pansachin/employee-service/models/employee/db/db.go:38.86,39.20 1 0
github.com/pansachin/employee-service/models/employee/db/db.go:39.20,41.3 1 0
github.com/pansachin/employee-service/models/employee/db/db.go:42.2,46.12 4 0
github.com/pansachin/employee-service/models/employee/db/db.go:50.47,57.2 1 0
github.com/pansachin/employee-service/models/employee/db/db.go:64.85,72.16 3 0
github.com/pansachin/employee-service/models/employee/db/db.go:72.16,73.55 1 0
github.com/pansachin/employee-service/models/employee/db/db.go:73.55,75.4 1 0
github.com/pansachin/employee-service/models/employee/db/db.go:76.3,76.73 1 0
github.com/pansachin/employee-service/models/employee/db/db.go:79.2,79.17 1 0
github.com/pansachin/employee-service/models/employee/db/db.go:83.85,95.16 3 0
github.com/pansachin/employee-service/models/employee/db/db.go:95.16,96.55 1 0
github.com/pansachin/employee-service/models/employee/db/db.go:96.55,98.4 1 0
github.com/pansachin/employee-service/models/employee/db/db.go:99.3,99.86 1 0
github.com/pansachin/employee-service/models/employee/db/db.go:102.2,102.17 1 0
github.com/pansachin/employee-service/models/employee/db/db.go:106.98,124.16 4 0
github.com/pansachin/employee-service/models/employee/db/db.go:124.16,126.3 1 0
github.com/pansachin/employee-service/models/employee/db/db.go:128.2,128.17 1 0
github.com/pansachin/employee-service/models/employee/db/db.go:132.89,153.82 3 0
github.com/pansachin/employee-service/models/employee/db/db.go:153.82,155.3 1 0
github.com/pansachin/employee-service/models/employee/db/db.go:157.2,157.17 1 0
github.com/pansachin/employee-service/models/employee/db/db.go:161.76,182.83 4 0
github.com/pansachin/employee-service/models/employee/db/db.go:182.83,184.3 1 0
github.com/pansachin/employee-service/models/employee/db/db.go:186.2,186.17 1 0
github.com/pansachin/employee-service/models/employee/db/db.go:190.100,211.16 4 0
github.com/pansachin/employee-service/models/employee/db/db.go:211.16,213.3 1 0
github.com/pansachin/employee-service/models/employee/db/db.go:215.2,215.17 1 0
github.com/pansachin/employee-service/models/employee/employee.go:33.75,37.2 1 1
github.com/pansachin/employee-service/models/employee/employee.go:44.92,45.43 1 1
github.com/pansachin/employee-service/models/employee/employee.go:45.43,47.3 1 1
github.com/pansachin/employee-service/models/employee/employee.go:49.2,57.41 2 1
github.com/pansachin/employee-service/models/employee/employee.go:57.41,59.17 2 1
github.com/pansachin/employee-service/models/employee/employee.go:59.17,61.4 1 0
github.com/pansachin/employee-service/models/employee/employee.go:62.3,63.13 2 1
github.com/pansachin/employee-service/models/employee/employee.go:66.2,66.54 1 1
github.com/pansachin/employee-service/models/employee/employee.go:66.54,68.3 1 0
github.com/pansachin/employee-service/models/employee/employee.go:70.2,70.30 1 1
github.com/pansachin/employee-service/models/employee/employee.go:74.95,75.44 1 1
github.com/pansachin/employee-service/models/employee/employee.go:75.44,77.3 1 0
github.com/pansachin/employee-service/models/employee/employee.go:78.2,78.45 1 1
github.com/pansachin/employee-service/models/employee/employee.go:78.45,80.3 1 0
github.com/pansachin/employee-service/models/employee/employee.go:82.2,83.16 2 1
github.com/pansachin/employee-service/models/employee/employee.go:83.16,84.45 1 1
github.com/pansachin/employee-service/models/employee/employee.go:84.45,86.4 1 1
github.com/pansachin/employee-service/models/employee/employee.go:87.3,87.61 1 0
github.com/pansachin/employee-service/models/employee/employee.go:90.2,91.25 2 1
github.com/pansachin/employee-service/models/employee/employee.go:91.25,94.3 2 1
github.com/pansachin/employee-service/models/employee/employee.go:96.2,96.13 1 1
github.com/pansachin/employee-service/models/employee/employee.go:96.13,98.3 1 0
github.com/pansachin/employee-service/models/employee/employee.go:99.2,102.16 3 1
github.com/pansachin/employee-service/models/employee/employee.go:102.16,104.3 1 0
github.com/pansachin/employee-service/models/employee/employee.go:106.2,106.12 1 1
github.com/pansachin/employee-service/models/employee/employee.go:110.75,111.45 1 1
github.com/pansachin/employee-service/models/employee/employee.go:111.45,113.3 1 0
github.com/pansachin/employee-service/models/employee/employee.go:115.2,116.16 2 1
github.com/pansachin/employee-service/models/employee/employee.go:116.16,117.45 1 0
github.com/pansachin/employee-service/models/employee/employee.go:117.45,119.4 1 0
github.com/pansachin/employee-service/models/employee/employee.go:120.3,120.63 1 0
github.com/pansachin/employee-service/models/employee/employee.go:123.2,124.16 2 1
github.com/pansachin/employee-service/models/employee/employee.go:124.16,126.3 1 0
github.com/pansachin/employee-service/models/employee/employee.go:128.2,128.12 1 1
github.com/pansachin/employee-service/models/employee/employee.go:132.88,134.16 2 1
github.com/pansachin/employee-service/models/employee/employee.go:134.16,136.3 1 0
github.com/pansachin/employee-service/models/employee/employee.go:138.2,138.34 1 1
github.com/pansachin/employee-service/models/employee/employee.go:142.75,143.45 1 1
github.com/pansachin/employee-service/models/employee/employee.go:143.45,145.3 1 0
github.com/pansachin/employee-service/models/employee/employee.go:147.2,148.16 2 1
github.com/pansachin/employee-service/models/employee/employee.go:148.16,149.45 1 1
github.com/pansachin/employee-service/models/employee/employee.go:149.45,151.4 1 1
github.com/pansachin/employee-service/models/employee/employee.go:152.3,152.50 1 0
github.com/pansachin/employee-service/models/employee/employee.go:155.2,155.29 1 1
github.com/pansachin/employee-service/models/employee/employee.go:159.77,160.45 1 0
github.com/pansachin/employee-service/models/employee/employee.go:160.45,162.3 1 0
github.com/pansachin/employee-service/models/employee/employee.go:164.2,165.16 2 0
github.com/pansachin/employee-service/models/employee/employee.go:165.16,167.3 1 0
github.com/pansachin/employee-service/models/employee/employee.go:169.2,169.12 1 0
github.com/pansachin/employee-service/models/employee/models.go:70.44,73.2 2 1
github.com/pansachin/employee-service/models/employee/models.go:75.54,77.29 2 1
github.com/pansachin/employee-service/models/employee/models.go:77.29,79.3 1 1
github.com/pansachin/employee-service/models/employee/models.go:80.2,80.11 1 1
github.com/pansachin/employee-service/models/employee/models.go:88.64,90.27 2 1
github.com/pansachin/employee-service/models/employee/models.go:90.27,92.3 1 1
github.com/pansachin/employee-service/models/employee/models.go:93.2,93.13 1 1
github.com/pansachin/employee-service/models/employee/models.go:97.58,102.2 1 1
github.com/pansachin/employee-service/models/employee/models.go:105.67,107.26 2 1
github.com/pansachin/employee-service/models/employee/models.go:107.26,108.51 1 1
github.com/pansachin/employee-service/models/employee/models.go:108.51,110.4 1 0
github.com/pansachin/employee-service/models/employee/models.go:113.2,113.12 1 1
github.com/pansachin/employee-service/models/employee/db/db.go:28.73,35.2 1 1
github.com/pansachin/employee-service/models/employee/db/db.go:38.86,39.20 1 1
github.com/pansachin/employee-service/models/employee/db/db.go:39.20,41.3 1 0
github.com/pansachin/employee-service/models/employee/db/db.go:42.2,46.12 4 1
github.com/pansachin/employee-service/models/employee/db/db.go:50.47,57.2 1 1
github.com/pansachin/employee-service/models/employee/db/db.go:64.85,72.16 3 1
github.com/pansachin/employee-service/models/employee/db/db.go:72.16,73.55 1 0
github.com/pansachin/employee-service/models/employee/db/db.go:73.55,75.4 1 0
github.com/pansachin/employee-service/models/employee/db/db.go:76.3,76.73 1 0
github.com/pansachin/employee-service/models/employee/db/db.go:79.2,79.17 1 1
github.com/pansachin/employee-service/models/employee/db/db.go:83.85,95.16 3 1
github.com/pansachin/employee-service/models/employee/db/db.go:95.16,96.55 1 0
github.com/pansachin/employee-service/models/employee/db/db.go:96.55,98.4 1 0
github.com/pansachin/employee-service/models/employee/db/db.go:99.3,99.86 1 0
github.com/pansachin/employee-service/models/employee/db/db.go:102.2,102.17 1 1
github.com/pansachin/employee-service/models/employee/db/db.go:106.98,124.16 4 1
github.com/pansachin/employee-service/models/employee/db/db.go:124.16,126.3 1 0
github.com/pansachin/employee-service/models/employee/db/db.go:128.2,128.17 1 1
github.com/pansachin/employee-service/models/employee/db/db.go:132.89,153.82 3 1
github.com/pansachin/employee-service/models/employee/db/db.go:153.82,155.3 1 0
github.com/pansachin/employee-service/models/employee/db/db.go:157.2,157.17 1 1
github.com/pansachin/employee-service/models/employee/db/db.go:161.76,182.83 4 1
github.com/pansachin/employee-service/models/employee/db/db.go:182.83,184.3 1 1
github.com/pansachin/employee-service/models/employee/db/db.go:186.2,186.17 1 1
github.com/pansachin/employee-service/models/employee/db/db.go:190.100,211.16 4 0
github.com/pansachin/employee-service/models/employee/db/db.go:211.16,213.3 1 0
github.com/pansachin/employee-service/models/employee/db/db.go:215.2,215.17 1 0
